\BOOKMARK [0][-]{section*.2}{\376\377\000F\000e\000e\000d\000b\000a\000c\000k\000-\000b\000a\000s\000e\000d\000\040\000Q\000u\000a\000n\000t\000u\000m\000\040\000A\000l\000g\000o\000r\000i\000t\000h\000m\000\040\000I\000n\000s\000p\000i\000r\000e\000d\000\040\000b\000y\000\040\000C\000o\000u\000n\000t\000e\000r\000d\000i\000a\000b\000a\000t\000i\000c\000\040\000D\000r\000i\000v\000i\000n\000g}{}% 2
\BOOKMARK [1][-]{section*.1}{\376\377\000A\000b\000s\000t\000r\000a\000c\000t}{section*.2}% 1
\BOOKMARK [1][-]{section*.3}{\376\377\000I\000n\000t\000r\000o\000d\000u\000c\000t\000i\000o\000n}{section*.2}% 3
\BOOKMARK [1][-]{section*.5}{\376\377\000Q\000u\000a\000n\000t\000u\000m\000\040\000L\000y\000a\000p\000u\000n\000o\000v\000\040\000c\000o\000n\000t\000r\000o\000l}{section*.2}% 4
\BOOKMARK [1][-]{section*.6}{\376\377\000C\000o\000u\000n\000t\000e\000r\000d\000i\000a\000b\000a\000t\000i\000c\000\040\000d\000r\000i\000v\000e\000\040\000i\000n\000s\000p\000i\000r\000e\000d\000\040\000c\000o\000n\000t\000r\000o\000l\000\040\000H\000a\000m\000i\000l\000t\000o\000n\000i\000a\000n\000s}{section*.2}% 5
\BOOKMARK [1][-]{section*.7}{\376\377\000C\000o\000u\000n\000t\000e\000r\000d\000i\000a\000b\000a\000t\000i\000c\000\040\000f\000e\000e\000d\000b\000a\000c\000k\000-\000b\000a\000s\000e\000d\000\040\000q\000u\000a\000n\000t\000u\000m\000\040\000a\000l\000g\000o\000r\000i\000t\000h\000m\000\040\000\050\000C\000D\000-\000F\000Q\000A\000\051}{section*.2}% 6
\BOOKMARK [1][-]{section*.12}{\376\377\000R\000e\000s\000u\000l\000t\000s\000:\000\040\000P\000r\000e\000p\000a\000r\000i\000n\000g\000\040\000t\000h\000e\000\040\000g\000r\000o\000u\000n\000d\000-\000s\000t\000a\000t\000e\000\040\000o\000f\000\040\000I\000s\000i\000n\000g\000\040\000s\000p\000i\000n\000\040\000m\000o\000d\000e\000l\000s}{section*.2}% 7
\BOOKMARK [2][-]{section*.13}{\376\377\000h\000z\000=\0000\000\040\000\050\000L\000F\000I\000\040\000a\000n\000d\000\040\000M\000F\000I\000\051}{section*.12}% 8
\BOOKMARK [3][-]{section*.14}{\376\377\000C\000D\000-\000F\000Q\000A\000\040\000f\000o\000r\000\040\000d\000i\000f\000f\000e\000r\000e\000n\000t\000\040\000v\000a\000l\000u\000e\000s\000\040\000o\000f\000\040}{section*.13}% 9
\BOOKMARK [3][-]{section*.16}{\376\377\000C\000D\000-\000F\000Q\000A\000\040\000f\000o\000r\000\040\000d\000i\000f\000f\000e\000r\000e\000n\000t\000\040\000s\000y\000s\000t\000e\000m\000\040\000s\000i\000z\000e\000s}{section*.13}% 10
\BOOKMARK [3][-]{section*.18}{\376\377\000C\000D\000-\000F\000Q\000A\000\040\000f\000o\000r\000\040\000d\000i\000f\000f\000e\000r\000e\000n\000t\000\040\000t\000i\000m\000e\000-\000s\000t\000e\000p\000s\000\040\000t}{section*.13}% 11
\BOOKMARK [2][-]{section*.23}{\376\377\000T\000F\000I\000\040\000\050\000i\000n\000c\000l\000u\000d\000i\000n\000g\000\040\000h\000x\000=\0000\000\051}{section*.12}% 12
\BOOKMARK [3][-]{section*.24}{\376\377\000I\000m\000p\000r\000o\000v\000i\000n\000g\000\040\000C\000D\000-\000F\000Q\000A\000\040\000w\000i\000t\000h\000\040\000l\000i\000n\000e\000a\000r\000\040\000c\000o\000m\000b\000i\000n\000a\000t\000i\000o\000n\000\040\000o\000f\000\040\000o\000p\000e\000r\000a\000t\000o\000r\000s}{section*.23}% 13
\BOOKMARK [3][-]{section*.25}{\376\377\000I\000m\000p\000r\000o\000v\000i\000n\000g\000\040\000C\000D\000-\000F\000Q\000A\000\040\000w\000i\000t\000h\000\040\000a\000n\000\040\000a\000d\000d\000i\000t\000i\000o\000n\000a\000l\000\040\000t\000i\000m\000e\000-\000d\000e\000p\000e\000n\000d\000e\000n\000t\000\040\000H\000a\000m\000i\000l\000t\000o\000n\000i\000a\000n}{section*.23}% 14
\BOOKMARK [1][-]{section*.26}{\376\377\000D\000e\000m\000o\000n\000s\000t\000r\000a\000t\000i\000o\000n\000\040\000o\000n\000\040\000c\000l\000o\000u\000d\000\040\000q\000u\000a\000n\000t\000u\000m\000\040\000c\000o\000m\000p\000u\000t\000e\000r\000s}{section*.2}% 15
\BOOKMARK [2][-]{section*.29}{\376\377\000I\000m\000p\000r\000o\000v\000i\000n\000g\000\040\000r\000e\000s\000u\000l\000t\000s\000\040\000f\000r\000o\000m\000\040\000I\000B\000M\000'\000s\000\040\000c\000l\000o\000u\000d\000\040\000q\000u\000a\000n\000t\000u\000m\000\040\000c\000o\000m\000p\000u\000t\000e\000r\000s}{section*.26}% 16
\BOOKMARK [1][-]{section*.30}{\376\377\000D\000i\000s\000c\000u\000s\000s\000i\000o\000n}{section*.2}% 17
\BOOKMARK [1][-]{section*.31}{\376\377\000C\000o\000n\000c\000l\000u\000s\000i\000o\000n}{section*.2}% 18
\BOOKMARK [1][-]{section*.32}{\376\377\000A\000c\000k\000n\000o\000w\000l\000e\000d\000g\000m\000e\000n\000t\000s}{section*.2}% 19
\BOOKMARK [1][-]{section*.36}{\376\377\000C\000D\000-\000F\000Q\000A\000\040\000f\000o\000r\000\040\000t\000h\000e\000\040\000T\000F\000I\000:\000\040\000a\000d\000d\000i\000t\000i\000o\000n\000a\000l\000\040\000p\000l\000o\000t\000s}{section*.2}% 20
\BOOKMARK [1][-]{section*.38}{\376\377\000S\000i\000m\000u\000l\000a\000t\000i\000o\000n\000\040\000o\000n\000\040\000P\000e\000n\000n\000y\000L\000a\000n\000e}{section*.2}% 21
\BOOKMARK [1][-]{section*.39}{\376\377\000E\000f\000f\000e\000c\000t\000s\000\040\000o\000f\000\040\000s\000t\000a\000t\000i\000s\000t\000i\000c\000a\000l\000\040\000e\000r\000r\000o\000r\000s}{section*.2}% 22
\BOOKMARK [1][-]{section*.40}{\376\377\000R\000e\000f\000e\000r\000e\000n\000c\000e\000s}{section*.2}% 23
